0 info it worked if it ends with ok
1 verbose cli [ 'C:\\devtools\\nodejs\\node.exe',
1 verbose cli   'C:\\devtools\\nodejs\\node_modules\\npm\\bin\\npm-cli.js',
1 verbose cli   'run',
1 verbose cli   'eslint' ]
2 info using npm@3.10.10
3 info using node@v6.10.3
4 verbose run-script [ 'preeslint', 'eslint', 'posteslint' ]
5 info lifecycle whatsapp-clone@1.0.0~preeslint: whatsapp-clone@1.0.0
6 silly lifecycle whatsapp-clone@1.0.0~preeslint: no script for preeslint, continuing
7 info lifecycle whatsapp-clone@1.0.0~eslint: whatsapp-clone@1.0.0
8 verbose lifecycle whatsapp-clone@1.0.0~eslint: unsafe-perm in lifecycle true
9 verbose lifecycle whatsapp-clone@1.0.0~eslint: PATH: C:\devtools\nodejs\node_modules\npm\bin\node-gyp-bin;c:\devtools\workspace_js\whatsapp-clone\node_modules\.bin;C:\ProgramData\Oracle\Java\javapath;C:\windows\system32;C:\windows;C:\windows\System32\Wbem;C:\windows\System32\WindowsPowerShell\v1.0\;C:\Program Files\Intel\WiFi\bin\;C:\Program Files\Common Files\Intel\WirelessCommon\;C:\Program Files\ThinkPad\Bluetooth Software\;C:\Program Files\ThinkPad\Bluetooth Software\syswow64;C:\SWTOOLS\ReadyApps;C:\Program Files (x86)\Common Files\Lenovo;C:\devtools\apache-maven-3.2.5\bin;C:\Program Files\Java\jdk1.8.0_40\bin;C:\Program Files (x86)\Git\bin;C:\Program Files\nodejs\;C:\devtools\gradle-2.6\bin;C:\Program Files (x86)\MySQL\MySQL Fabric 1.5 & MySQL Utilities 1.5\;C:\Program Files (x86)\MySQL\MySQL Fabric 1.5 & MySQL Utilities 1.5\Doctrine extensions for PHP\;C:\devtools\nodejs\;C:\devtools\Deployd\bin;C:\Program Files (x86)\scala\bin;C:\Program Files (x86)\Yarn\bin;C:\Program Files (x86)\Skype\Phone\;C:\Users\Jarek\AppData\Local\Apps\cURL\bin;C:\Users\Jarek\AppData\Roaming\npm;C:\Users\Jarek\AppData\Local\Yarn\.bin;C:\Users\Jarek\AppData\Local\atom\bin
10 verbose lifecycle whatsapp-clone@1.0.0~eslint: CWD: c:\devtools\workspace_js\whatsapp-clone
11 silly lifecycle whatsapp-clone@1.0.0~eslint: Args: [ '/d /s /c', 'eslint ./src' ]
12 silly lifecycle whatsapp-clone@1.0.0~eslint: Returned: code: 1  signal: null
13 info lifecycle whatsapp-clone@1.0.0~eslint: Failed to exec eslint script
14 verbose stack Error: whatsapp-clone@1.0.0 eslint: `eslint ./src`
14 verbose stack Exit status 1
14 verbose stack     at EventEmitter.<anonymous> (C:\devtools\nodejs\node_modules\npm\lib\utils\lifecycle.js:255:16)
14 verbose stack     at emitTwo (events.js:106:13)
14 verbose stack     at EventEmitter.emit (events.js:191:7)
14 verbose stack     at ChildProcess.<anonymous> (C:\devtools\nodejs\node_modules\npm\lib\utils\spawn.js:40:14)
14 verbose stack     at emitTwo (events.js:106:13)
14 verbose stack     at ChildProcess.emit (events.js:191:7)
14 verbose stack     at maybeClose (internal/child_process.js:886:16)
14 verbose stack     at Process.ChildProcess._handle.onexit (internal/child_process.js:226:5)
15 verbose pkgid whatsapp-clone@1.0.0
16 verbose cwd c:\devtools\workspace_js\whatsapp-clone
17 error Windows_NT 6.1.7601
18 error argv "C:\\devtools\\nodejs\\node.exe" "C:\\devtools\\nodejs\\node_modules\\npm\\bin\\npm-cli.js" "run" "eslint"
19 error node v6.10.3
20 error npm  v3.10.10
21 error code ELIFECYCLE
22 error whatsapp-clone@1.0.0 eslint: `eslint ./src`
22 error Exit status 1
23 error Failed at the whatsapp-clone@1.0.0 eslint script 'eslint ./src'.
23 error Make sure you have the latest version of node.js and npm installed.
23 error If you do, this is most likely a problem with the whatsapp-clone package,
23 error not with npm itself.
23 error Tell the author that this fails on your system:
23 error     eslint ./src
23 error You can get information on how to open an issue for this project with:
23 error     npm bugs whatsapp-clone
23 error Or if that isn't available, you can get their info via:
23 error     npm owner ls whatsapp-clone
23 error There is likely additional logging output above.
24 verbose exit [ 1, true ]
